\BOOKMARK [1][-]{section.1}{\376\377\000I\000n\000t\000r\000o\000d\000u\000c\000t\000i\000o\000n}{}% 1
\BOOKMARK [1][-]{section.2}{\376\377\000B\000a\000c\000k\000g\000r\000o\000u\000n\000d}{}% 2
\BOOKMARK [2][-]{subsection.2.1}{\376\377\000A\000n\000\040\000O\000v\000e\000r\000v\000i\000e\000w\000\040\000o\000f\000\040\000t\000h\000e\000\040\000L\000i\000n\000u\000x\000\040\000T\000r\000a\000c\000i\000n\000g\000\040\000L\000a\000n\000d\000s\000c\000a\000p\000e}{section.2}% 3
\BOOKMARK [3][-]{subsubsection.2.1.1}{\376\377\000C\000o\000m\000p\000a\000r\000i\000n\000g\000\040\000e\000B\000P\000F\000\040\000a\000n\000d\000\040\000D\000t\000r\000a\000c\000e}{subsection.2.1}% 4
\BOOKMARK [2][-]{subsection.2.2}{\376\377\000C\000l\000a\000s\000s\000i\000c\000\040\000B\000P\000F}{section.2}% 5
\BOOKMARK [2][-]{subsection.2.3}{\376\377\000e\000B\000P\000F\000:\000\040\000L\000i\000n\000u\000x\000\040\000T\000r\000a\000c\000i\000n\000g\000\040\000S\000u\000p\000e\000r\000p\000o\000w\000e\000r\000s}{section.2}% 6
\BOOKMARK [3][-]{subsubsection.2.3.1}{\376\377\000H\000o\000w\000\040\000e\000B\000P\000F\000\040\000W\000o\000r\000k\000s\000\040\000a\000t\000\040\000a\000\040\000H\000i\000g\000h\000\040\000L\000e\000v\000e\000l}{subsection.2.3}% 7
\BOOKMARK [3][-]{subsubsection.2.3.2}{\376\377\000T\000r\000a\000c\000e\000p\000o\000i\000n\000t\000s\000,\000\040\000K\000p\000r\000o\000b\000e\000s\000,\000\040\000a\000n\000d\000\040\000U\000p\000r\000o\000b\000e\000s}{subsection.2.3}% 8
\BOOKMARK [3][-]{subsubsection.2.3.3}{\376\377\000T\000h\000e\000\040\000V\000e\000r\000i\000f\000i\000e\000r\000:\000\040\000T\000h\000e\000\040\000G\000o\000o\000d\000,\000\040\000t\000h\000e\000\040\000B\000a\000d\000,\000\040\000a\000n\000d\000\040\000t\000h\000e\000\040\000U\000g\000l\000y}{subsection.2.3}% 9
\BOOKMARK [2][-]{subsection.2.4}{\376\377\000S\000y\000s\000t\000e\000m\000\040\000C\000a\000l\000l\000s}{section.2}% 10
\BOOKMARK [2][-]{subsection.2.5}{\376\377\000I\000n\000t\000r\000u\000s\000i\000o\000n\000\040\000D\000e\000t\000e\000c\000t\000i\000o\000n}{section.2}% 11
\BOOKMARK [3][-]{subsubsection.2.5.1}{\376\377\000A\000\040\000S\000u\000r\000v\000e\000y\000\040\000o\000f\000\040\000D\000a\000t\000a\000\040\000C\000o\000l\000l\000e\000c\000t\000i\000o\000n\000\040\000i\000n\000\040\000I\000n\000t\000r\000u\000s\000i\000o\000n\000\040\000D\000e\000t\000e\000c\000t\000i\000o\000n\000\040\000S\000y\000s\000t\000e\000m\000s}{subsection.2.5}% 12
\BOOKMARK [3][-]{subsubsection.2.5.2}{\376\377\000e\000B\000P\000F\000\040\000a\000n\000d\000\040\000X\000D\000P\000\040\000f\000o\000r\000\040\000N\000e\000t\000w\000o\000r\000k\000\040\000I\000n\000t\000r\000u\000s\000i\000o\000n\000\040\000D\000e\000t\000e\000c\000t\000i\000o\000n}{subsection.2.5}% 13
\BOOKMARK [2][-]{subsection.2.6}{\376\377\000P\000r\000o\000c\000e\000s\000s\000\040\000H\000o\000m\000e\000o\000s\000t\000a\000s\000i\000s}{section.2}% 14
\BOOKMARK [3][-]{subsubsection.2.6.1}{\376\377\000A\000n\000o\000m\000a\000l\000y\000\040\000D\000e\000t\000e\000c\000t\000i\000o\000n\000\040\000T\000h\000r\000o\000u\000g\000h\000\040\000L\000o\000o\000k\000a\000h\000e\000a\000d\000\040\000P\000a\000i\000r\000s}{subsection.2.6}% 15
\BOOKMARK [3][-]{subsubsection.2.6.2}{\376\377\000H\000o\000m\000e\000o\000s\000t\000a\000s\000i\000s\000\040\000T\000h\000r\000o\000u\000g\000h\000\040\000S\000y\000s\000t\000e\000m\000\040\000C\000a\000l\000l\000\040\000D\000e\000l\000a\000y\000s}{subsection.2.6}% 16
\BOOKMARK [1][-]{section.3}{\376\377\000I\000m\000p\000l\000e\000m\000e\000n\000t\000i\000n\000g\000\040\000e\000b\000p\000H}{}% 17
\BOOKMARK [2][-]{subsection.3.1}{\376\377\000W\000h\000y\000\040\000a\000n\000\040\000e\000B\000P\000F\000\040\000I\000m\000p\000l\000e\000m\000e\000n\000t\000a\000t\000i\000o\000n\000?}{section.3}% 18
\BOOKMARK [2][-]{subsection.3.2}{\376\377\000A\000r\000c\000h\000i\000t\000e\000c\000t\000u\000r\000a\000l\000\040\000O\000v\000e\000r\000v\000i\000e\000w}{section.3}% 19
\BOOKMARK [2][-]{subsection.3.3}{\376\377\000U\000s\000e\000r\000s\000p\000a\000c\000e\000\040\000C\000o\000m\000p\000o\000n\000e\000n\000t\000s}{section.3}% 20
\BOOKMARK [3][-]{subsubsection.3.3.1}{\376\377\000T\000h\000e\000\040\000e\000b\000p\000H\000\040\000D\000a\000e\000m\000o\000n}{subsection.3.3}% 21
\BOOKMARK [3][-]{subsubsection.3.3.2}{\376\377\000e\000b\000p\000h\000-\000p\000s}{subsection.3.3}% 22
\BOOKMARK [3][-]{subsubsection.3.3.3}{\376\377\000e\000b\000p\000h\000-\000a\000d\000m\000i\000n}{subsection.3.3}% 23
\BOOKMARK [3][-]{subsubsection.3.3.4}{\376\377\000e\000b\000p\000H\000\040\000L\000o\000g\000s}{subsection.3.3}% 24
\BOOKMARK [2][-]{subsection.3.4}{\376\377\000e\000b\000p\000H\000\040\000P\000r\000o\000f\000i\000l\000e\000s}{section.3}% 25
\BOOKMARK [3][-]{subsubsection.3.4.1}{\376\377\000W\000r\000i\000t\000i\000n\000g\000\040\000P\000r\000o\000f\000i\000l\000e\000s\000\040\000t\000o\000\040\000D\000i\000s\000k\000\040\000a\000n\000d\000\040\000R\000e\000a\000d\000i\000n\000g\000\040\000P\000r\000o\000f\000i\000l\000e\000s\000\040\000f\000r\000o\000m\000\040\000D\000i\000s\000k}{subsection.3.4}% 26
\BOOKMARK [2][-]{subsection.3.5}{\376\377\000T\000r\000a\000c\000i\000n\000g\000\040\000P\000r\000o\000c\000e\000s\000s\000e\000s}{section.3}% 27
\BOOKMARK [3][-]{subsubsection.3.5.1}{\376\377\000P\000r\000o\000f\000i\000l\000e\000\040\000C\000r\000e\000a\000t\000i\000o\000n\000\040\000a\000n\000d\000\040\000A\000s\000s\000o\000c\000i\000a\000t\000i\000o\000n}{subsection.3.5}% 28
\BOOKMARK [3][-]{subsubsection.3.5.2}{\376\377\000P\000r\000o\000f\000i\000l\000e\000\040\000A\000s\000s\000o\000c\000i\000a\000t\000i\000o\000n\000\040\000a\000n\000d\000\040\000S\000e\000q\000u\000e\000n\000c\000e\000\040\000D\000u\000p\000l\000i\000c\000a\000t\000i\000o\000n}{subsection.3.5}% 29
\BOOKMARK [3][-]{subsubsection.3.5.3}{\376\377\000D\000e\000a\000l\000i\000n\000g\000\040\000w\000i\000t\000h\000\040\000S\000i\000g\000n\000a\000l\000\040\000H\000a\000n\000d\000l\000e\000r\000s\000\040\000a\000n\000d\000\040\000N\000o\000n\000-\000D\000e\000t\000e\000r\000m\000i\000n\000i\000s\000m}{subsection.3.5}% 30
\BOOKMARK [3][-]{subsubsection.3.5.4}{\376\377\000R\000e\000a\000p\000i\000n\000g\000\040\000P\000r\000o\000c\000e\000s\000s\000e\000s}{subsection.3.5}% 31
\BOOKMARK [2][-]{subsection.3.6}{\376\377\000T\000r\000a\000i\000n\000i\000n\000g\000,\000\040\000T\000e\000s\000t\000i\000n\000g\000,\000\040\000a\000n\000d\000\040\000A\000n\000o\000m\000a\000l\000y\000\040\000D\000e\000t\000e\000c\000t\000i\000o\000n}{section.3}% 32
\BOOKMARK [3][-]{subsubsection.3.6.1}{\376\377\000A\000\040\000S\000i\000m\000p\000l\000e\000\040\000E\000x\000a\000m\000p\000l\000e\000\040\000o\000f\000\040\000e\000b\000p\000H\000\040\000A\000n\000o\000m\000a\000l\000y\000\040\000D\000e\000t\000e\000c\000t\000i\000o\000n}{subsection.3.6}% 33
\BOOKMARK [2][-]{subsection.3.7}{\376\377\000S\000o\000o\000t\000h\000i\000n\000g\000\040\000t\000h\000e\000\040\000V\000e\000r\000i\000f\000i\000e\000r}{section.3}% 34
\BOOKMARK [2][-]{subsection.3.8}{\376\377\000D\000e\000a\000l\000i\000n\000g\000\040\000a\000\040\000L\000a\000c\000k\000\040\000o\000f\000\040\000C\000o\000n\000c\000u\000r\000r\000e\000n\000c\000y\000\040\000C\000o\000n\000t\000r\000o\000l\000\040\000M\000e\000c\000h\000a\000n\000i\000s\000m\000s}{section.3}% 35
\BOOKMARK [1][-]{section.4}{\376\377\000M\000e\000a\000s\000u\000r\000i\000n\000g\000\040\000e\000b\000p\000H\000'\000s\000\040\000O\000v\000e\000r\000h\000e\000a\000d}{}% 36
\BOOKMARK [2][-]{subsection.4.1}{\376\377\000M\000e\000t\000h\000o\000d\000o\000l\000o\000g\000y}{section.4}% 37
\BOOKMARK [3][-]{subsubsection.4.1.1}{\376\377\000l\000m\000b\000e\000n\000c\000h\000\040\000M\000i\000c\000r\000o\000-\000B\000e\000n\000c\000h\000m\000a\000r\000k}{subsection.4.1}% 38
\BOOKMARK [3][-]{subsubsection.4.1.2}{\376\377\000K\000e\000r\000n\000e\000l\000\040\000C\000o\000m\000p\000i\000l\000a\000t\000i\000o\000n\000\040\000M\000i\000c\000r\000o\000-\000B\000e\000n\000c\000h\000m\000a\000r\000k}{subsection.4.1}% 39
\BOOKMARK [3][-]{subsubsection.4.1.3}{\376\377\000b\000p\000f\000b\000e\000n\000c\000h\000\040\000M\000a\000c\000r\000o\000-\000B\000e\000n\000c\000h\000m\000a\000r\000k\000s}{subsection.4.1}% 40
\BOOKMARK [2][-]{subsection.4.2}{\376\377\000R\000e\000s\000u\000l\000t\000s}{section.4}% 41
\BOOKMARK [3][-]{subsubsection.4.2.1}{\376\377\000b\000r\000o\000n\000t\000e\000-\000l\000m\000b\000e\000n\000c\000h\000\040\000S\000y\000s\000t\000e\000m\000\040\000L\000a\000t\000e\000n\000c\000y\000\040\000M\000i\000c\000r\000o\000-\000B\000e\000n\000c\000h\000m\000a\000r\000k}{subsection.4.2}% 42
\BOOKMARK [3][-]{subsubsection.4.2.2}{\376\377\000b\000r\000o\000n\000t\000e\000-\000k\000e\000r\000n\000e\000l\000\040\000K\000e\000r\000n\000e\000l\000\040\000C\000o\000m\000p\000i\000l\000a\000t\000i\000o\000n\000\040\000M\000i\000c\000r\000o\000-\000B\000e\000n\000c\000h\000m\000a\000r\000k}{subsection.4.2}% 43
\BOOKMARK [3][-]{subsubsection.4.2.3}{\376\377\000b\000r\000o\000n\000t\000e\000-\0007\000d\000a\000y}{subsection.4.2}% 44
\BOOKMARK [3][-]{subsubsection.4.2.4}{\376\377\000h\000o\000m\000e\000o\000s\000t\000a\000s\000i\000s\000-\0003\000d\000a\000y}{subsection.4.2}% 45
\BOOKMARK [3][-]{subsubsection.4.2.5}{\376\377\000a\000r\000c\000h\000-\0003\000d\000a\000y}{subsection.4.2}% 46
\BOOKMARK [3][-]{subsubsection.4.2.6}{\376\377\000S\000u\000m\000m\000a\000r\000y}{subsection.4.2}% 47
\BOOKMARK [2][-]{subsection.4.3}{\376\377\000C\000o\000m\000p\000a\000r\000i\000n\000g\000\040\000R\000e\000s\000u\000l\000t\000s\000\040\000w\000i\000t\000h\000\040\000t\000h\000e\000\040\000O\000r\000i\000g\000i\000n\000a\000l\000\040\000p\000H}{section.4}% 48
\BOOKMARK [1][-]{section.5}{\376\377\000D\000i\000s\000c\000u\000s\000s\000i\000o\000n}{}% 49
\BOOKMARK [2][-]{subsection.5.1}{\376\377\000S\000h\000o\000r\000t\000c\000o\000m\000i\000n\000g\000s\000\040\000o\000f\000\040\000e\000B\000P\000F}{section.5}% 50
\BOOKMARK [3][-]{subsubsection.5.1.1}{\376\377\000L\000a\000c\000k\000\040\000o\000f\000\040\000C\000o\000n\000c\000u\000r\000r\000e\000n\000c\000y\000\040\000C\000o\000n\000t\000r\000o\000l\000\040\000M\000e\000c\000h\000a\000n\000i\000s\000m\000s\000\040\000i\000n\000\040\000T\000r\000a\000c\000i\000n\000g\000\040\000P\000r\000o\000g\000r\000a\000m\000s}{subsection.5.1}% 51
\BOOKMARK [3][-]{subsubsection.5.1.2}{\376\377\000L\000i\000m\000i\000t\000e\000d\000\040\000S\000u\000p\000p\000o\000r\000t\000\040\000f\000o\000r\000\040\000N\000e\000c\000e\000s\000s\000a\000r\000y\000\040\000K\000e\000r\000n\000e\000l\000\040\000H\000e\000l\000p\000e\000r\000s}{subsection.5.1}% 52
\BOOKMARK [3][-]{subsubsection.5.1.3}{\376\377\000V\000e\000r\000i\000f\000i\000e\000r\000\040\000B\000u\000g\000s}{subsection.5.1}% 53
\BOOKMARK [3][-]{subsubsection.5.1.4}{\376\377\000D\000r\000o\000p\000p\000e\000d\000\040\000P\000e\000r\000f\000\040\000B\000u\000f\000f\000e\000r\000\040\000S\000u\000b\000m\000i\000s\000s\000i\000o\000n\000s}{subsection.5.1}% 54
\BOOKMARK [2][-]{subsection.5.2}{\376\377\000F\000u\000t\000u\000r\000e\000\040\000W\000o\000r\000k}{section.5}% 55
\BOOKMARK [3][-]{subsubsection.5.2.1}{\376\377\000C\000o\000n\000t\000r\000o\000l\000l\000i\000n\000g\000\040\000f\000o\000r\000\040\000F\000u\000r\000t\000h\000e\000r\000\040\000S\000o\000u\000r\000c\000e\000s\000\040\000o\000f\000\040\000N\000o\000n\000-\000D\000e\000t\000e\000r\000m\000i\000n\000i\000s\000t\000i\000c\000\040\000B\000e\000h\000a\000v\000i\000o\000r}{subsection.5.2}% 56
\BOOKMARK [3][-]{subsubsection.5.2.2}{\376\377\000A\000u\000t\000o\000m\000a\000t\000i\000n\000g\000\040\000e\000b\000p\000H\000\040\000R\000e\000s\000p\000o\000n\000s\000e}{subsection.5.2}% 57
\BOOKMARK [3][-]{subsubsection.5.2.3}{\376\377\000S\000e\000c\000u\000r\000i\000t\000y\000\040\000A\000n\000a\000l\000y\000s\000i\000s}{subsection.5.2}% 58
\BOOKMARK [3][-]{subsubsection.5.2.4}{\376\377\000R\000e\000f\000a\000c\000t\000o\000r\000i\000n\000g\000\040\000P\000r\000o\000f\000i\000l\000e\000\040\000a\000n\000d\000\040\000P\000r\000o\000c\000e\000s\000s\000\040\000H\000a\000s\000h\000m\000a\000p\000s\000\040\000t\000o\000\040\000O\000t\000h\000e\000r\000\040\000M\000a\000p\000\040\000T\000y\000p\000e\000s}{subsection.5.2}% 59
\BOOKMARK [3][-]{subsubsection.5.2.5}{\376\377\000R\000e\000i\000n\000t\000r\000o\000d\000u\000c\000i\000n\000g\000\040\000t\000h\000e\000\040\000e\000b\000p\000H\000\040\000G\000U\000I\000\040\000a\000n\000d\000\040\000C\000o\000n\000d\000u\000c\000t\000i\000n\000g\000\040\000a\000\040\000U\000s\000a\000b\000i\000l\000i\000t\000y\000\040\000S\000t\000u\000d\000y}{subsection.5.2}% 60
\BOOKMARK [3][-]{subsubsection.5.2.6}{\376\377\000G\000e\000n\000e\000r\000a\000l\000\040\000S\000y\000s\000t\000e\000m\000\040\000I\000n\000t\000r\000o\000s\000p\000e\000c\000t\000i\000o\000n\000:\000\040\000I\000n\000t\000e\000g\000r\000a\000t\000i\000n\000g\000\040\000M\000u\000l\000t\000i\000p\000l\000e\000\040\000H\000o\000m\000e\000o\000s\000t\000a\000t\000i\000c\000\040\000S\000y\000s\000t\000e\000m\000s\000\040\000i\000n\000t\000o\000\040\000e\000b\000p\000H}{subsection.5.2}% 61
\BOOKMARK [1][-]{section.6}{\376\377\000C\000o\000n\000c\000l\000u\000s\000i\000o\000n}{}% 62
\BOOKMARK [1][-]{table.caption.46}{\376\377\000R\000e\000f\000e\000r\000e\000n\000c\000e\000s}{}% 63
\BOOKMARK [1][-]{section*.47}{\376\377\000A\000p\000p\000e\000n\000d\000i\000c\000e\000s}{}% 64
\BOOKMARK [1][-]{appendix.A}{\376\377\000H\000a\000n\000d\000l\000i\000n\000g\000\040\000L\000a\000r\000g\000e\000\040\000D\000a\000t\000a\000t\000y\000p\000e\000s\000\040\000i\000n\000\040\000e\000B\000P\000F\000\040\000P\000r\000o\000g\000r\000a\000m\000s}{}% 65
\BOOKMARK [1][-]{appendix.B}{\376\377\000b\000p\000f\000b\000e\000n\000c\000h\000\040\000S\000o\000u\000r\000c\000e\000\040\000C\000o\000d\000e}{}% 66
\BOOKMARK [1][-]{appendix.C}{\376\377\000S\000c\000r\000i\000p\000t\000\040\000U\000s\000e\000d\000\040\000t\000o\000\040\000R\000u\000n\000\040\000K\000e\000r\000n\000e\000l\000\040\000C\000o\000m\000p\000i\000l\000a\000t\000i\000o\000n\000\040\000T\000r\000i\000a\000l\000s}{}% 67
\BOOKMARK [1][-]{appendix.D}{\376\377\000F\000u\000l\000l\000\040\000M\000a\000c\000r\000o\000-\000B\000e\000n\000c\000h\000m\000a\000r\000k\000i\000n\000g\000\040\000D\000a\000t\000a\000s\000e\000t\000s}{}% 68
